<?xml version="1.0" encoding="UTF-8"?>
<!-- Generated by org.testng.reporters.JUnitReportReporter -->
<testsuite hostname="Shilpas-MacBook-Pro.local" failures="0" tests="1" name="com.weightwatchers.web.test.HoursOfOperationTest" time="4.415" errors="0" timestamp="16 Jun 2018 19:51:34 GMT" skipped="0">
  <testcase classname="com.weightwatchers.web.test.HoursOfOperationTest" name="hoursOfOperation" time="4.415"/>
</testsuite> <!-- com.weightwatchers.web.test.HoursOfOperationTest -->
